<?xml version="1.0" encoding="UTF-8"?>
<testng-results ignored="0" total="3" passed="3" failed="0" skipped="0">
  <reporter-output>
  </reporter-output>
  <suite started-at="2023-09-01T12:04:58 IST" name="Default suite" finished-at="2023-09-01T12:05:03 IST" duration-ms="5006">
    <groups>
    </groups>
    <test started-at="2023-09-01T12:04:58 IST" name="Default test" finished-at="2023-09-01T12:05:03 IST" duration-ms="5006">
      <class name="headless.ListernerTest">
        <test-method is-config="true" signature="setUp()[pri:0, instance:headless.ListernerTest@229f66ed]" started-at="2023-09-01T12:04:58 IST" name="setUp" finished-at="2023-09-01T12:05:01 IST" duration-ms="2948" status="PASS">
          <reporter-output>
          </reporter-output>
        </test-method> <!-- setUp -->
        <test-method signature="Wrongcrediantials()[pri:1, instance:headless.ListernerTest@229f66ed]" started-at="2023-09-01T12:05:01 IST" name="Wrongcrediantials" finished-at="2023-09-01T12:05:01 IST" duration-ms="475" status="PASS">
          <reporter-output>
          </reporter-output>
        </test-method> <!-- Wrongcrediantials -->
        <test-method signature="Wrongcrediantials1()[pri:2, instance:headless.ListernerTest@229f66ed]" started-at="2023-09-01T12:05:01 IST" name="Wrongcrediantials1" finished-at="2023-09-01T12:05:02 IST" duration-ms="498" status="PASS">
          <reporter-output>
          </reporter-output>
        </test-method> <!-- Wrongcrediantials1 -->
        <test-method signature="login()[pri:3, instance:headless.ListernerTest@229f66ed]" started-at="2023-09-01T12:05:02 IST" name="login" finished-at="2023-09-01T12:05:02 IST" duration-ms="650" status="PASS">
          <reporter-output>
          </reporter-output>
        </test-method> <!-- login -->
        <test-method is-config="true" signature="tearDown()[pri:0, instance:headless.ListernerTest@229f66ed]" started-at="2023-09-01T12:05:02 IST" name="tearDown" finished-at="2023-09-01T12:05:03 IST" duration-ms="368" status="PASS">
          <reporter-output>
          </reporter-output>
        </test-method> <!-- tearDown -->
      </class> <!-- headless.ListernerTest -->
    </test> <!-- Default test -->
  </suite> <!-- Default suite -->
</testng-results>
